{"/Users/nicholasschell/Desktop/MS1 - Student/server/routes.js": {"path":"/Users/nicholasschell/Desktop/MS1 - Student/server/routes.js","statementMap":{"0":{"start":{"line":1,"column":15},"end":{"line":1,"column":39}},"1":{"start":{"line":2,"column":14},"end":{"line":2,"column":30}},"2":{"start":{"line":3,"column":10},"end":{"line":3,"column":28}},"3":{"start":{"line":6,"column":19},"end":{"line":12,"column":2}},"4":{"start":{"line":13,"column":0},"end":{"line":13,"column":21}},"5":{"start":{"line":23,"column":4},"end":{"line":27,"column":5}},"6":{"start":{"line":24,"column":8},"end":{"line":24,"column":73}},"7":{"start":{"line":26,"column":8},"end":{"line":26,"column":54}},"8":{"start":{"line":37,"column":19},"end":{"line":37,"column":43}},"9":{"start":{"line":38,"column":26},"end":{"line":38,"column":60}},"10":{"start":{"line":39,"column":17},"end":{"line":39,"column":59}},"11":{"start":{"line":41,"column":4},"end":{"line":51,"column":5}},"12":{"start":{"line":43,"column":8},"end":{"line":43,"column":78}},"13":{"start":{"line":44,"column":11},"end":{"line":51,"column":5}},"14":{"start":{"line":45,"column":32},"end":{"line":45,"column":61}},"15":{"start":{"line":47,"column":8},"end":{"line":47,"column":89}},"16":{"start":{"line":50,"column":8},"end":{"line":50,"column":69}},"17":{"start":{"line":66,"column":19},"end":{"line":66,"column":63}},"18":{"start":{"line":67,"column":21},"end":{"line":67,"column":64}},"19":{"start":{"line":71,"column":4},"end":{"line":104,"column":5}},"20":{"start":{"line":75,"column":24},"end":{"line":75,"column":55}},"21":{"start":{"line":76,"column":8},"end":{"line":87,"column":11}},"22":{"start":{"line":81,"column":12},"end":{"line":86,"column":13}},"23":{"start":{"line":82,"column":16},"end":{"line":82,"column":34}},"24":{"start":{"line":83,"column":16},"end":{"line":83,"column":42}},"25":{"start":{"line":84,"column":19},"end":{"line":86,"column":13}},"26":{"start":{"line":85,"column":16},"end":{"line":85,"column":46}},"27":{"start":{"line":92,"column":8},"end":{"line":103,"column":11}},"28":{"start":{"line":97,"column":12},"end":{"line":102,"column":13}},"29":{"start":{"line":98,"column":16},"end":{"line":98,"column":34}},"30":{"start":{"line":99,"column":16},"end":{"line":99,"column":42}},"31":{"start":{"line":100,"column":19},"end":{"line":102,"column":13}},"32":{"start":{"line":101,"column":16},"end":{"line":101,"column":46}},"33":{"start":{"line":110,"column":21},"end":{"line":110,"column":64}},"34":{"start":{"line":112,"column":4},"end":{"line":140,"column":5}},"35":{"start":{"line":113,"column":23},"end":{"line":113,"column":54}},"36":{"start":{"line":115,"column":8},"end":{"line":125,"column":11}},"37":{"start":{"line":119,"column":12},"end":{"line":124,"column":13}},"38":{"start":{"line":120,"column":16},"end":{"line":120,"column":34}},"39":{"start":{"line":121,"column":16},"end":{"line":121,"column":42}},"40":{"start":{"line":122,"column":19},"end":{"line":124,"column":13}},"41":{"start":{"line":123,"column":16},"end":{"line":123,"column":46}},"42":{"start":{"line":128,"column":8},"end":{"line":138,"column":11}},"43":{"start":{"line":132,"column":12},"end":{"line":137,"column":13}},"44":{"start":{"line":133,"column":16},"end":{"line":133,"column":34}},"45":{"start":{"line":134,"column":16},"end":{"line":134,"column":42}},"46":{"start":{"line":135,"column":19},"end":{"line":137,"column":13}},"47":{"start":{"line":136,"column":16},"end":{"line":136,"column":46}},"48":{"start":{"line":152,"column":4},"end":{"line":177,"column":5}},"49":{"start":{"line":153,"column":8},"end":{"line":163,"column":11}},"50":{"start":{"line":157,"column":12},"end":{"line":162,"column":13}},"51":{"start":{"line":158,"column":16},"end":{"line":158,"column":34}},"52":{"start":{"line":159,"column":16},"end":{"line":159,"column":42}},"53":{"start":{"line":160,"column":19},"end":{"line":162,"column":13}},"54":{"start":{"line":161,"column":16},"end":{"line":161,"column":46}},"55":{"start":{"line":166,"column":8},"end":{"line":176,"column":11}},"56":{"start":{"line":170,"column":12},"end":{"line":175,"column":13}},"57":{"start":{"line":171,"column":16},"end":{"line":171,"column":34}},"58":{"start":{"line":172,"column":16},"end":{"line":172,"column":42}},"59":{"start":{"line":173,"column":19},"end":{"line":175,"column":13}},"60":{"start":{"line":174,"column":16},"end":{"line":174,"column":46}},"61":{"start":{"line":187,"column":4},"end":{"line":213,"column":5}},"62":{"start":{"line":189,"column":8},"end":{"line":198,"column":11}},"63":{"start":{"line":192,"column":12},"end":{"line":197,"column":13}},"64":{"start":{"line":193,"column":16},"end":{"line":193,"column":34}},"65":{"start":{"line":194,"column":16},"end":{"line":194,"column":42}},"66":{"start":{"line":195,"column":19},"end":{"line":197,"column":13}},"67":{"start":{"line":196,"column":16},"end":{"line":196,"column":46}},"68":{"start":{"line":202,"column":8},"end":{"line":212,"column":11}},"69":{"start":{"line":206,"column":12},"end":{"line":211,"column":13}},"70":{"start":{"line":207,"column":16},"end":{"line":207,"column":34}},"71":{"start":{"line":208,"column":16},"end":{"line":208,"column":42}},"72":{"start":{"line":209,"column":19},"end":{"line":211,"column":13}},"73":{"start":{"line":210,"column":16},"end":{"line":210,"column":46}},"74":{"start":{"line":226,"column":17},"end":{"line":226,"column":53}},"75":{"start":{"line":227,"column":17},"end":{"line":227,"column":53}},"76":{"start":{"line":228,"column":21},"end":{"line":228,"column":64}},"77":{"start":{"line":230,"column":4},"end":{"line":255,"column":5}},"78":{"start":{"line":231,"column":23},"end":{"line":231,"column":54}},"79":{"start":{"line":233,"column":8},"end":{"line":242,"column":11}},"80":{"start":{"line":236,"column":12},"end":{"line":241,"column":13}},"81":{"start":{"line":237,"column":16},"end":{"line":237,"column":34}},"82":{"start":{"line":238,"column":16},"end":{"line":238,"column":42}},"83":{"start":{"line":239,"column":19},"end":{"line":241,"column":13}},"84":{"start":{"line":240,"column":16},"end":{"line":240,"column":46}},"85":{"start":{"line":245,"column":8},"end":{"line":254,"column":11}},"86":{"start":{"line":248,"column":12},"end":{"line":253,"column":13}},"87":{"start":{"line":249,"column":16},"end":{"line":249,"column":34}},"88":{"start":{"line":250,"column":16},"end":{"line":250,"column":42}},"89":{"start":{"line":251,"column":19},"end":{"line":253,"column":13}},"90":{"start":{"line":252,"column":16},"end":{"line":252,"column":46}},"91":{"start":{"line":264,"column":21},"end":{"line":264,"column":64}},"92":{"start":{"line":265,"column":17},"end":{"line":265,"column":52}},"93":{"start":{"line":266,"column":24},"end":{"line":266,"column":73}},"94":{"start":{"line":267,"column":17},"end":{"line":267,"column":52}},"95":{"start":{"line":268,"column":20},"end":{"line":268,"column":74}},"96":{"start":{"line":269,"column":19},"end":{"line":269,"column":69}},"97":{"start":{"line":270,"column":19},"end":{"line":270,"column":63}},"98":{"start":{"line":271,"column":20},"end":{"line":271,"column":68}},"99":{"start":{"line":274,"column":4},"end":{"line":300,"column":5}},"100":{"start":{"line":275,"column":23},"end":{"line":275,"column":54}},"101":{"start":{"line":277,"column":8},"end":{"line":286,"column":11}},"102":{"start":{"line":280,"column":12},"end":{"line":285,"column":13}},"103":{"start":{"line":281,"column":16},"end":{"line":281,"column":34}},"104":{"start":{"line":282,"column":16},"end":{"line":282,"column":42}},"105":{"start":{"line":283,"column":19},"end":{"line":285,"column":13}},"106":{"start":{"line":284,"column":16},"end":{"line":284,"column":46}},"107":{"start":{"line":290,"column":8},"end":{"line":299,"column":11}},"108":{"start":{"line":293,"column":12},"end":{"line":298,"column":13}},"109":{"start":{"line":294,"column":16},"end":{"line":294,"column":34}},"110":{"start":{"line":295,"column":16},"end":{"line":295,"column":42}},"111":{"start":{"line":296,"column":19},"end":{"line":298,"column":13}},"112":{"start":{"line":297,"column":16},"end":{"line":297,"column":46}},"113":{"start":{"line":306,"column":0},"end":{"line":315,"column":1}}},"fnMap":{"0":{"name":"hello","decl":{"start":{"line":21,"column":15},"end":{"line":21,"column":20}},"loc":{"start":{"line":21,"column":31},"end":{"line":28,"column":1}},"line":21},"1":{"name":"jersey","decl":{"start":{"line":36,"column":15},"end":{"line":36,"column":21}},"loc":{"start":{"line":36,"column":32},"end":{"line":52,"column":1}},"line":36},"2":{"name":"all_matches","decl":{"start":{"line":60,"column":15},"end":{"line":60,"column":26}},"loc":{"start":{"line":60,"column":37},"end":{"line":105,"column":1}},"line":60},"3":{"name":"(anonymous_3)","decl":{"start":{"line":79,"column":73},"end":{"line":79,"column":74}},"loc":{"start":{"line":79,"column":107},"end":{"line":87,"column":9}},"line":79},"4":{"name":"(anonymous_4)","decl":{"start":{"line":95,"column":38},"end":{"line":95,"column":39}},"loc":{"start":{"line":95,"column":72},"end":{"line":103,"column":9}},"line":95},"5":{"name":"all_players","decl":{"start":{"line":108,"column":15},"end":{"line":108,"column":26}},"loc":{"start":{"line":108,"column":37},"end":{"line":142,"column":1}},"line":108},"6":{"name":"(anonymous_6)","decl":{"start":{"line":117,"column":63},"end":{"line":117,"column":64}},"loc":{"start":{"line":117,"column":97},"end":{"line":125,"column":9}},"line":117},"7":{"name":"(anonymous_7)","decl":{"start":{"line":130,"column":28},"end":{"line":130,"column":29}},"loc":{"start":{"line":130,"column":62},"end":{"line":138,"column":9}},"line":130},"8":{"name":"match","decl":{"start":{"line":150,"column":15},"end":{"line":150,"column":20}},"loc":{"start":{"line":150,"column":31},"end":{"line":178,"column":1}},"line":150},"9":{"name":"(anonymous_9)","decl":{"start":{"line":155,"column":42},"end":{"line":155,"column":43}},"loc":{"start":{"line":155,"column":76},"end":{"line":163,"column":9}},"line":155},"10":{"name":"(anonymous_10)","decl":{"start":{"line":168,"column":29},"end":{"line":168,"column":30}},"loc":{"start":{"line":168,"column":63},"end":{"line":176,"column":9}},"line":168},"11":{"name":"player","decl":{"start":{"line":185,"column":15},"end":{"line":185,"column":21}},"loc":{"start":{"line":185,"column":32},"end":{"line":214,"column":1}},"line":185},"12":{"name":"(anonymous_12)","decl":{"start":{"line":191,"column":43},"end":{"line":191,"column":44}},"loc":{"start":{"line":191,"column":77},"end":{"line":198,"column":9}},"line":191},"13":{"name":"(anonymous_13)","decl":{"start":{"line":204,"column":30},"end":{"line":204,"column":31}},"loc":{"start":{"line":204,"column":64},"end":{"line":212,"column":9}},"line":204},"14":{"name":"search_matches","decl":{"start":{"line":222,"column":15},"end":{"line":222,"column":29}},"loc":{"start":{"line":222,"column":40},"end":{"line":257,"column":1}},"line":222},"15":{"name":"(anonymous_15)","decl":{"start":{"line":235,"column":127},"end":{"line":235,"column":128}},"loc":{"start":{"line":235,"column":161},"end":{"line":242,"column":9}},"line":235},"16":{"name":"(anonymous_16)","decl":{"start":{"line":247,"column":92},"end":{"line":247,"column":93}},"loc":{"start":{"line":247,"column":126},"end":{"line":254,"column":9}},"line":247},"17":{"name":"search_players","decl":{"start":{"line":260,"column":15},"end":{"line":260,"column":29}},"loc":{"start":{"line":260,"column":40},"end":{"line":304,"column":1}},"line":260},"18":{"name":"(anonymous_18)","decl":{"start":{"line":279,"column":271},"end":{"line":279,"column":272}},"loc":{"start":{"line":279,"column":305},"end":{"line":286,"column":9}},"line":279},"19":{"name":"(anonymous_19)","decl":{"start":{"line":292,"column":236},"end":{"line":292,"column":237}},"loc":{"start":{"line":292,"column":270},"end":{"line":299,"column":9}},"line":292}},"branchMap":{"0":{"loc":{"start":{"line":23,"column":4},"end":{"line":27,"column":5}},"type":"if","locations":[{"start":{"line":23,"column":4},"end":{"line":27,"column":5}},{"start":{"line":23,"column":4},"end":{"line":27,"column":5}}],"line":23},"1":{"loc":{"start":{"line":39,"column":17},"end":{"line":39,"column":59}},"type":"cond-expr","locations":[{"start":{"line":39,"column":34},"end":{"line":39,"column":48}},{"start":{"line":39,"column":51},"end":{"line":39,"column":59}}],"line":39},"2":{"loc":{"start":{"line":41,"column":4},"end":{"line":51,"column":5}},"type":"if","locations":[{"start":{"line":41,"column":4},"end":{"line":51,"column":5}},{"start":{"line":41,"column":4},"end":{"line":51,"column":5}}],"line":41},"3":{"loc":{"start":{"line":44,"column":11},"end":{"line":51,"column":5}},"type":"if","locations":[{"start":{"line":44,"column":11},"end":{"line":51,"column":5}},{"start":{"line":44,"column":11},"end":{"line":51,"column":5}}],"line":44},"4":{"loc":{"start":{"line":66,"column":19},"end":{"line":66,"column":63}},"type":"cond-expr","locations":[{"start":{"line":66,"column":39},"end":{"line":66,"column":56}},{"start":{"line":66,"column":59},"end":{"line":66,"column":63}}],"line":66},"5":{"loc":{"start":{"line":67,"column":21},"end":{"line":67,"column":64}},"type":"cond-expr","locations":[{"start":{"line":67,"column":42},"end":{"line":67,"column":60}},{"start":{"line":67,"column":62},"end":{"line":67,"column":64}}],"line":67},"6":{"loc":{"start":{"line":71,"column":4},"end":{"line":104,"column":5}},"type":"if","locations":[{"start":{"line":71,"column":4},"end":{"line":104,"column":5}},{"start":{"line":71,"column":4},"end":{"line":104,"column":5}}],"line":71},"7":{"loc":{"start":{"line":71,"column":8},"end":{"line":71,"column":48}},"type":"binary-expr","locations":[{"start":{"line":71,"column":8},"end":{"line":71,"column":22}},{"start":{"line":71,"column":26},"end":{"line":71,"column":48}}],"line":71},"8":{"loc":{"start":{"line":81,"column":12},"end":{"line":86,"column":13}},"type":"if","locations":[{"start":{"line":81,"column":12},"end":{"line":86,"column":13}},{"start":{"line":81,"column":12},"end":{"line":86,"column":13}}],"line":81},"9":{"loc":{"start":{"line":84,"column":19},"end":{"line":86,"column":13}},"type":"if","locations":[{"start":{"line":84,"column":19},"end":{"line":86,"column":13}},{"start":{"line":84,"column":19},"end":{"line":86,"column":13}}],"line":84},"10":{"loc":{"start":{"line":97,"column":12},"end":{"line":102,"column":13}},"type":"if","locations":[{"start":{"line":97,"column":12},"end":{"line":102,"column":13}},{"start":{"line":97,"column":12},"end":{"line":102,"column":13}}],"line":97},"11":{"loc":{"start":{"line":100,"column":19},"end":{"line":102,"column":13}},"type":"if","locations":[{"start":{"line":100,"column":19},"end":{"line":102,"column":13}},{"start":{"line":100,"column":19},"end":{"line":102,"column":13}}],"line":100},"12":{"loc":{"start":{"line":110,"column":21},"end":{"line":110,"column":64}},"type":"cond-expr","locations":[{"start":{"line":110,"column":42},"end":{"line":110,"column":60}},{"start":{"line":110,"column":62},"end":{"line":110,"column":64}}],"line":110},"13":{"loc":{"start":{"line":112,"column":4},"end":{"line":140,"column":5}},"type":"if","locations":[{"start":{"line":112,"column":4},"end":{"line":140,"column":5}},{"start":{"line":112,"column":4},"end":{"line":140,"column":5}}],"line":112},"14":{"loc":{"start":{"line":112,"column":8},"end":{"line":112,"column":48}},"type":"binary-expr","locations":[{"start":{"line":112,"column":8},"end":{"line":112,"column":22}},{"start":{"line":112,"column":26},"end":{"line":112,"column":48}}],"line":112},"15":{"loc":{"start":{"line":119,"column":12},"end":{"line":124,"column":13}},"type":"if","locations":[{"start":{"line":119,"column":12},"end":{"line":124,"column":13}},{"start":{"line":119,"column":12},"end":{"line":124,"column":13}}],"line":119},"16":{"loc":{"start":{"line":122,"column":19},"end":{"line":124,"column":13}},"type":"if","locations":[{"start":{"line":122,"column":19},"end":{"line":124,"column":13}},{"start":{"line":122,"column":19},"end":{"line":124,"column":13}}],"line":122},"17":{"loc":{"start":{"line":132,"column":12},"end":{"line":137,"column":13}},"type":"if","locations":[{"start":{"line":132,"column":12},"end":{"line":137,"column":13}},{"start":{"line":132,"column":12},"end":{"line":137,"column":13}}],"line":132},"18":{"loc":{"start":{"line":135,"column":19},"end":{"line":137,"column":13}},"type":"if","locations":[{"start":{"line":135,"column":19},"end":{"line":137,"column":13}},{"start":{"line":135,"column":19},"end":{"line":137,"column":13}}],"line":135},"19":{"loc":{"start":{"line":152,"column":4},"end":{"line":177,"column":5}},"type":"if","locations":[{"start":{"line":152,"column":4},"end":{"line":177,"column":5}},{"start":{"line":152,"column":4},"end":{"line":177,"column":5}}],"line":152},"20":{"loc":{"start":{"line":152,"column":8},"end":{"line":152,"column":44}},"type":"binary-expr","locations":[{"start":{"line":152,"column":8},"end":{"line":152,"column":20}},{"start":{"line":152,"column":24},"end":{"line":152,"column":44}}],"line":152},"21":{"loc":{"start":{"line":157,"column":12},"end":{"line":162,"column":13}},"type":"if","locations":[{"start":{"line":157,"column":12},"end":{"line":162,"column":13}},{"start":{"line":157,"column":12},"end":{"line":162,"column":13}}],"line":157},"22":{"loc":{"start":{"line":160,"column":19},"end":{"line":162,"column":13}},"type":"if","locations":[{"start":{"line":160,"column":19},"end":{"line":162,"column":13}},{"start":{"line":160,"column":19},"end":{"line":162,"column":13}}],"line":160},"23":{"loc":{"start":{"line":170,"column":12},"end":{"line":175,"column":13}},"type":"if","locations":[{"start":{"line":170,"column":12},"end":{"line":175,"column":13}},{"start":{"line":170,"column":12},"end":{"line":175,"column":13}}],"line":170},"24":{"loc":{"start":{"line":173,"column":19},"end":{"line":175,"column":13}},"type":"if","locations":[{"start":{"line":173,"column":19},"end":{"line":175,"column":13}},{"start":{"line":173,"column":19},"end":{"line":175,"column":13}}],"line":173},"25":{"loc":{"start":{"line":187,"column":4},"end":{"line":213,"column":5}},"type":"if","locations":[{"start":{"line":187,"column":4},"end":{"line":213,"column":5}},{"start":{"line":187,"column":4},"end":{"line":213,"column":5}}],"line":187},"26":{"loc":{"start":{"line":187,"column":8},"end":{"line":187,"column":44}},"type":"binary-expr","locations":[{"start":{"line":187,"column":8},"end":{"line":187,"column":20}},{"start":{"line":187,"column":24},"end":{"line":187,"column":44}}],"line":187},"27":{"loc":{"start":{"line":192,"column":12},"end":{"line":197,"column":13}},"type":"if","locations":[{"start":{"line":192,"column":12},"end":{"line":197,"column":13}},{"start":{"line":192,"column":12},"end":{"line":197,"column":13}}],"line":192},"28":{"loc":{"start":{"line":195,"column":19},"end":{"line":197,"column":13}},"type":"if","locations":[{"start":{"line":195,"column":19},"end":{"line":197,"column":13}},{"start":{"line":195,"column":19},"end":{"line":197,"column":13}}],"line":195},"29":{"loc":{"start":{"line":206,"column":12},"end":{"line":211,"column":13}},"type":"if","locations":[{"start":{"line":206,"column":12},"end":{"line":211,"column":13}},{"start":{"line":206,"column":12},"end":{"line":211,"column":13}}],"line":206},"30":{"loc":{"start":{"line":209,"column":19},"end":{"line":211,"column":13}},"type":"if","locations":[{"start":{"line":209,"column":19},"end":{"line":211,"column":13}},{"start":{"line":209,"column":19},"end":{"line":211,"column":13}}],"line":209},"31":{"loc":{"start":{"line":226,"column":17},"end":{"line":226,"column":53}},"type":"cond-expr","locations":[{"start":{"line":226,"column":34},"end":{"line":226,"column":48}},{"start":{"line":226,"column":51},"end":{"line":226,"column":53}}],"line":226},"32":{"loc":{"start":{"line":227,"column":17},"end":{"line":227,"column":53}},"type":"cond-expr","locations":[{"start":{"line":227,"column":34},"end":{"line":227,"column":48}},{"start":{"line":227,"column":51},"end":{"line":227,"column":53}}],"line":227},"33":{"loc":{"start":{"line":228,"column":21},"end":{"line":228,"column":64}},"type":"cond-expr","locations":[{"start":{"line":228,"column":42},"end":{"line":228,"column":60}},{"start":{"line":228,"column":62},"end":{"line":228,"column":64}}],"line":228},"34":{"loc":{"start":{"line":230,"column":4},"end":{"line":255,"column":5}},"type":"if","locations":[{"start":{"line":230,"column":4},"end":{"line":255,"column":5}},{"start":{"line":230,"column":4},"end":{"line":255,"column":5}}],"line":230},"35":{"loc":{"start":{"line":230,"column":8},"end":{"line":230,"column":48}},"type":"binary-expr","locations":[{"start":{"line":230,"column":8},"end":{"line":230,"column":22}},{"start":{"line":230,"column":26},"end":{"line":230,"column":48}}],"line":230},"36":{"loc":{"start":{"line":236,"column":12},"end":{"line":241,"column":13}},"type":"if","locations":[{"start":{"line":236,"column":12},"end":{"line":241,"column":13}},{"start":{"line":236,"column":12},"end":{"line":241,"column":13}}],"line":236},"37":{"loc":{"start":{"line":239,"column":19},"end":{"line":241,"column":13}},"type":"if","locations":[{"start":{"line":239,"column":19},"end":{"line":241,"column":13}},{"start":{"line":239,"column":19},"end":{"line":241,"column":13}}],"line":239},"38":{"loc":{"start":{"line":248,"column":12},"end":{"line":253,"column":13}},"type":"if","locations":[{"start":{"line":248,"column":12},"end":{"line":253,"column":13}},{"start":{"line":248,"column":12},"end":{"line":253,"column":13}}],"line":248},"39":{"loc":{"start":{"line":251,"column":19},"end":{"line":253,"column":13}},"type":"if","locations":[{"start":{"line":251,"column":19},"end":{"line":253,"column":13}},{"start":{"line":251,"column":19},"end":{"line":253,"column":13}}],"line":251},"40":{"loc":{"start":{"line":264,"column":21},"end":{"line":264,"column":64}},"type":"cond-expr","locations":[{"start":{"line":264,"column":42},"end":{"line":264,"column":60}},{"start":{"line":264,"column":62},"end":{"line":264,"column":64}}],"line":264},"41":{"loc":{"start":{"line":265,"column":17},"end":{"line":265,"column":52}},"type":"cond-expr","locations":[{"start":{"line":265,"column":34},"end":{"line":265,"column":48}},{"start":{"line":265,"column":50},"end":{"line":265,"column":52}}],"line":265},"42":{"loc":{"start":{"line":266,"column":24},"end":{"line":266,"column":73}},"type":"cond-expr","locations":[{"start":{"line":266,"column":48},"end":{"line":266,"column":69}},{"start":{"line":266,"column":71},"end":{"line":266,"column":73}}],"line":266},"43":{"loc":{"start":{"line":267,"column":17},"end":{"line":267,"column":52}},"type":"cond-expr","locations":[{"start":{"line":267,"column":34},"end":{"line":267,"column":48}},{"start":{"line":267,"column":50},"end":{"line":267,"column":52}}],"line":267},"44":{"loc":{"start":{"line":268,"column":20},"end":{"line":268,"column":74}},"type":"cond-expr","locations":[{"start":{"line":268,"column":46},"end":{"line":268,"column":69}},{"start":{"line":268,"column":71},"end":{"line":268,"column":74}}],"line":268},"45":{"loc":{"start":{"line":269,"column":19},"end":{"line":269,"column":69}},"type":"cond-expr","locations":[{"start":{"line":269,"column":44},"end":{"line":269,"column":66}},{"start":{"line":269,"column":68},"end":{"line":269,"column":69}}],"line":269},"46":{"loc":{"start":{"line":270,"column":19},"end":{"line":270,"column":63}},"type":"cond-expr","locations":[{"start":{"line":270,"column":41},"end":{"line":270,"column":60}},{"start":{"line":270,"column":62},"end":{"line":270,"column":63}}],"line":270},"47":{"loc":{"start":{"line":271,"column":20},"end":{"line":271,"column":68}},"type":"cond-expr","locations":[{"start":{"line":271,"column":43},"end":{"line":271,"column":63}},{"start":{"line":271,"column":65},"end":{"line":271,"column":68}}],"line":271},"48":{"loc":{"start":{"line":274,"column":4},"end":{"line":300,"column":5}},"type":"if","locations":[{"start":{"line":274,"column":4},"end":{"line":300,"column":5}},{"start":{"line":274,"column":4},"end":{"line":300,"column":5}}],"line":274},"49":{"loc":{"start":{"line":274,"column":8},"end":{"line":274,"column":48}},"type":"binary-expr","locations":[{"start":{"line":274,"column":8},"end":{"line":274,"column":22}},{"start":{"line":274,"column":26},"end":{"line":274,"column":48}}],"line":274},"50":{"loc":{"start":{"line":280,"column":12},"end":{"line":285,"column":13}},"type":"if","locations":[{"start":{"line":280,"column":12},"end":{"line":285,"column":13}},{"start":{"line":280,"column":12},"end":{"line":285,"column":13}}],"line":280},"51":{"loc":{"start":{"line":283,"column":19},"end":{"line":285,"column":13}},"type":"if","locations":[{"start":{"line":283,"column":19},"end":{"line":285,"column":13}},{"start":{"line":283,"column":19},"end":{"line":285,"column":13}}],"line":283},"52":{"loc":{"start":{"line":293,"column":12},"end":{"line":298,"column":13}},"type":"if","locations":[{"start":{"line":293,"column":12},"end":{"line":298,"column":13}},{"start":{"line":293,"column":12},"end":{"line":298,"column":13}}],"line":293},"53":{"loc":{"start":{"line":296,"column":19},"end":{"line":298,"column":13}},"type":"if","locations":[{"start":{"line":296,"column":19},"end":{"line":298,"column":13}},{"start":{"line":296,"column":19},"end":{"line":298,"column":13}}],"line":296}},"s":{"0":1,"1":1,"2":1,"3":1,"4":1,"5":2,"6":1,"7":1,"8":21,"9":21,"10":21,"11":21,"12":10,"13":11,"14":10,"15":10,"16":1,"17":1,"18":1,"19":1,"20":0,"21":0,"22":0,"23":0,"24":0,"25":0,"26":0,"27":1,"28":1,"29":0,"30":0,"31":1,"32":1,"33":1,"34":1,"35":0,"36":0,"37":0,"38":0,"39":0,"40":0,"41":0,"42":1,"43":1,"44":0,"45":0,"46":1,"47":1,"48":1,"49":1,"50":1,"51":0,"52":0,"53":1,"54":1,"55":0,"56":0,"57":0,"58":0,"59":0,"60":0,"61":2,"62":2,"63":2,"64":0,"65":0,"66":2,"67":2,"68":0,"69":0,"70":0,"71":0,"72":0,"73":0,"74":1,"75":1,"76":1,"77":1,"78":0,"79":0,"80":0,"81":0,"82":0,"83":0,"84":0,"85":1,"86":1,"87":0,"88":0,"89":1,"90":1,"91":1,"92":1,"93":1,"94":1,"95":1,"96":1,"97":1,"98":1,"99":1,"100":0,"101":0,"102":0,"103":0,"104":0,"105":0,"106":0,"107":1,"108":1,"109":0,"110":0,"111":1,"112":1,"113":1},"f":{"0":2,"1":21,"2":1,"3":0,"4":1,"5":1,"6":0,"7":1,"8":1,"9":1,"10":0,"11":2,"12":2,"13":0,"14":1,"15":0,"16":1,"17":1,"18":0,"19":1},"b":{"0":[1,1],"1":[10,11],"2":[10,11],"3":[10,1],"4":[1,0],"5":[0,1],"6":[0,1],"7":[1,0],"8":[0,0],"9":[0,0],"10":[0,1],"11":[1,0],"12":[0,1],"13":[0,1],"14":[1,0],"15":[0,0],"16":[0,0],"17":[0,1],"18":[1,0],"19":[1,0],"20":[1,1],"21":[0,1],"22":[1,0],"23":[0,0],"24":[0,0],"25":[2,0],"26":[2,2],"27":[0,2],"28":[2,0],"29":[0,0],"30":[0,0],"31":[1,0],"32":[1,0],"33":[0,1],"34":[0,1],"35":[1,0],"36":[0,0],"37":[0,0],"38":[0,1],"39":[1,0],"40":[0,1],"41":[1,0],"42":[1,0],"43":[1,0],"44":[0,1],"45":[0,1],"46":[0,1],"47":[0,1],"48":[0,1],"49":[1,0],"50":[0,0],"51":[0,0],"52":[0,1],"53":[1,0]},"_coverageSchema":"1a1c01bbd47fc00a2c39e90264f33305004495a9","hash":"1f5e013fa827287a5ad2473742b8a716e157c584"}
,"/Users/nicholasschell/Desktop/MS1 - Student/server/server.js": {"path":"/Users/nicholasschell/Desktop/MS1 - Student/server/server.js","statementMap":{"0":{"start":{"line":1,"column":16},"end":{"line":1,"column":34}},"1":{"start":{"line":2,"column":19},"end":{"line":2,"column":35}},"2":{"start":{"line":5,"column":15},"end":{"line":5,"column":34}},"3":{"start":{"line":6,"column":15},"end":{"line":6,"column":39}},"4":{"start":{"line":8,"column":12},"end":{"line":8,"column":21}},"5":{"start":{"line":11,"column":0},"end":{"line":11,"column":31}},"6":{"start":{"line":14,"column":0},"end":{"line":14,"column":41}},"7":{"start":{"line":17,"column":0},"end":{"line":17,"column":47}},"8":{"start":{"line":20,"column":0},"end":{"line":20,"column":39}},"9":{"start":{"line":23,"column":0},"end":{"line":23,"column":31}},"10":{"start":{"line":26,"column":0},"end":{"line":26,"column":33}},"11":{"start":{"line":29,"column":0},"end":{"line":29,"column":49}},"12":{"start":{"line":32,"column":0},"end":{"line":32,"column":49}},"13":{"start":{"line":38,"column":0},"end":{"line":40,"column":3}},"14":{"start":{"line":39,"column":4},"end":{"line":39,"column":89}},"15":{"start":{"line":42,"column":0},"end":{"line":42,"column":21}}},"fnMap":{"0":{"name":"(anonymous_0)","decl":{"start":{"line":38,"column":31},"end":{"line":38,"column":32}},"loc":{"start":{"line":38,"column":37},"end":{"line":40,"column":1}},"line":38}},"branchMap":{},"s":{"0":1,"1":1,"2":1,"3":1,"4":1,"5":1,"6":1,"7":1,"8":1,"9":1,"10":1,"11":1,"12":1,"13":1,"14":1,"15":1},"f":{"0":1},"b":{},"_coverageSchema":"1a1c01bbd47fc00a2c39e90264f33305004495a9","hash":"b90c17524e627397d7fc808cf40600b93d36eb74"}
}
