TN:
SF:routes.js
FN:21,hello
FN:36,jersey
FN:60,all_matches
FN:79,(anonymous_3)
FN:95,(anonymous_4)
FN:108,all_players
FN:117,(anonymous_6)
FN:130,(anonymous_7)
FN:150,match
FN:155,(anonymous_9)
FN:168,(anonymous_10)
FN:185,player
FN:191,(anonymous_12)
FN:204,(anonymous_13)
FN:222,search_matches
FN:235,(anonymous_15)
FN:247,(anonymous_16)
FN:260,search_players
FN:279,(anonymous_18)
FN:292,(anonymous_19)
FNF:20
FNH:14
FNDA:2,hello
FNDA:21,jersey
FNDA:1,all_matches
FNDA:0,(anonymous_3)
FNDA:1,(anonymous_4)
FNDA:1,all_players
FNDA:0,(anonymous_6)
FNDA:1,(anonymous_7)
FNDA:1,match
FNDA:1,(anonymous_9)
FNDA:0,(anonymous_10)
FNDA:2,player
FNDA:2,(anonymous_12)
FNDA:0,(anonymous_13)
FNDA:1,search_matches
FNDA:0,(anonymous_15)
FNDA:1,(anonymous_16)
FNDA:1,search_players
FNDA:0,(anonymous_18)
FNDA:1,(anonymous_19)
DA:1,1
DA:2,1
DA:3,1
DA:6,1
DA:13,1
DA:23,2
DA:24,1
DA:26,1
DA:37,21
DA:38,21
DA:39,21
DA:41,21
DA:43,10
DA:44,11
DA:45,10
DA:47,10
DA:50,1
DA:66,1
DA:67,1
DA:71,1
DA:75,0
DA:76,0
DA:81,0
DA:82,0
DA:83,0
DA:84,0
DA:85,0
DA:92,1
DA:97,1
DA:98,0
DA:99,0
DA:100,1
DA:101,1
DA:110,1
DA:112,1
DA:113,0
DA:115,0
DA:119,0
DA:120,0
DA:121,0
DA:122,0
DA:123,0
DA:128,1
DA:132,1
DA:133,0
DA:134,0
DA:135,1
DA:136,1
DA:152,1
DA:153,1
DA:157,1
DA:158,0
DA:159,0
DA:160,1
DA:161,1
DA:166,0
DA:170,0
DA:171,0
DA:172,0
DA:173,0
DA:174,0
DA:187,2
DA:189,2
DA:192,2
DA:193,0
DA:194,0
DA:195,2
DA:196,2
DA:202,0
DA:206,0
DA:207,0
DA:208,0
DA:209,0
DA:210,0
DA:226,1
DA:227,1
DA:228,1
DA:230,1
DA:231,0
DA:233,0
DA:236,0
DA:237,0
DA:238,0
DA:239,0
DA:240,0
DA:245,1
DA:248,1
DA:249,0
DA:250,0
DA:251,1
DA:252,1
DA:264,1
DA:265,1
DA:266,1
DA:267,1
DA:268,1
DA:269,1
DA:270,1
DA:271,1
DA:274,1
DA:275,0
DA:277,0
DA:280,0
DA:281,0
DA:282,0
DA:283,0
DA:284,0
DA:290,1
DA:293,1
DA:294,0
DA:295,0
DA:296,1
DA:297,1
DA:306,1
LF:114
LH:62
BRDA:23,0,0,1
BRDA:23,0,1,1
BRDA:39,1,0,10
BRDA:39,1,1,11
BRDA:41,2,0,10
BRDA:41,2,1,11
BRDA:44,3,0,10
BRDA:44,3,1,1
BRDA:66,4,0,1
BRDA:66,4,1,0
BRDA:67,5,0,0
BRDA:67,5,1,1
BRDA:71,6,0,0
BRDA:71,6,1,1
BRDA:71,7,0,1
BRDA:71,7,1,0
BRDA:81,8,0,0
BRDA:81,8,1,0
BRDA:84,9,0,0
BRDA:84,9,1,0
BRDA:97,10,0,0
BRDA:97,10,1,1
BRDA:100,11,0,1
BRDA:100,11,1,0
BRDA:110,12,0,0
BRDA:110,12,1,1
BRDA:112,13,0,0
BRDA:112,13,1,1
BRDA:112,14,0,1
BRDA:112,14,1,0
BRDA:119,15,0,0
BRDA:119,15,1,0
BRDA:122,16,0,0
BRDA:122,16,1,0
BRDA:132,17,0,0
BRDA:132,17,1,1
BRDA:135,18,0,1
BRDA:135,18,1,0
BRDA:152,19,0,1
BRDA:152,19,1,0
BRDA:152,20,0,1
BRDA:152,20,1,1
BRDA:157,21,0,0
BRDA:157,21,1,1
BRDA:160,22,0,1
BRDA:160,22,1,0
BRDA:170,23,0,0
BRDA:170,23,1,0
BRDA:173,24,0,0
BRDA:173,24,1,0
BRDA:187,25,0,2
BRDA:187,25,1,0
BRDA:187,26,0,2
BRDA:187,26,1,2
BRDA:192,27,0,0
BRDA:192,27,1,2
BRDA:195,28,0,2
BRDA:195,28,1,0
BRDA:206,29,0,0
BRDA:206,29,1,0
BRDA:209,30,0,0
BRDA:209,30,1,0
BRDA:226,31,0,1
BRDA:226,31,1,0
BRDA:227,32,0,1
BRDA:227,32,1,0
BRDA:228,33,0,0
BRDA:228,33,1,1
BRDA:230,34,0,0
BRDA:230,34,1,1
BRDA:230,35,0,1
BRDA:230,35,1,0
BRDA:236,36,0,0
BRDA:236,36,1,0
BRDA:239,37,0,0
BRDA:239,37,1,0
BRDA:248,38,0,0
BRDA:248,38,1,1
BRDA:251,39,0,1
BRDA:251,39,1,0
BRDA:264,40,0,0
BRDA:264,40,1,1
BRDA:265,41,0,1
BRDA:265,41,1,0
BRDA:266,42,0,1
BRDA:266,42,1,0
BRDA:267,43,0,1
BRDA:267,43,1,0
BRDA:268,44,0,0
BRDA:268,44,1,1
BRDA:269,45,0,0
BRDA:269,45,1,1
BRDA:270,46,0,0
BRDA:270,46,1,1
BRDA:271,47,0,0
BRDA:271,47,1,1
BRDA:274,48,0,0
BRDA:274,48,1,1
BRDA:274,49,0,1
BRDA:274,49,1,0
BRDA:280,50,0,0
BRDA:280,50,1,0
BRDA:283,51,0,0
BRDA:283,51,1,0
BRDA:293,52,0,0
BRDA:293,52,1,1
BRDA:296,53,0,1
BRDA:296,53,1,0
BRF:108
BRH:48
end_of_record
TN:
SF:server.js
FN:38,(anonymous_0)
FNF:1
FNH:1
FNDA:1,(anonymous_0)
DA:1,1
DA:2,1
DA:5,1
DA:6,1
DA:8,1
DA:11,1
DA:14,1
DA:17,1
DA:20,1
DA:23,1
DA:26,1
DA:29,1
DA:32,1
DA:38,1
DA:39,1
DA:42,1
LF:16
LH:16
BRF:0
BRH:0
end_of_record
